# Octopus parser started
ExperimentalFeatures = 0		# default
Debug = 0		# default
DebugTrapSignals = 1		# default
Walltime = 0		# default
RestartWriteTime = 5		# default
ReportMemory = 0		# default
CalculationMode = 3
stdout = "-"		# default
stderr = "-"		# default
WorkDir = "."		# default
FlushMessages = 0		# default
ProfilingMode = 0		# default
Opened block 'RestartOptions'
RestartOptions[0][0] = 1
RestartOptions[0][1] = "./restart"
Closed block 'RestartOptions'
UnitsOutput = 0		# default
UnitsXYZFiles = 1		# default
DisableAccel = 1		# default
FFTOptimize = 1		# default
FFTPreparePlan = 0		# default
FFTLibrary = 1
NFFTGuruInterface = 0		# default
NFFTCutoff = 6		# default
NFFTOversampling = 2		# default
NFFTPrecompute = 16		# default
PNFFTCutoff = 6		# default
PNFFTOversampling = 2		# default
Dimensions = 3
PeriodicDimensions = 0
Dimensions = 3
PeriodicDimensions = 0
PseudopotentialAutomaticParameters = 0		# default
PseudopotentialEnergyTolerance = 0.005		# default
PseudopotentialSet = 3
Opened block 'Coordinates'
Coordinates[0][0] = "Ar"
Coordinates[0][1] = 0
Coordinates[0][2] = 0
Coordinates[0][3] = 0
Closed block 'Coordinates'
SpinComponents = 1		# default
SpeciesProjectorSphereThreshold = 0.001		# default
SpeciesTimeDependent = 0		# default
EwaldAlpha = 0.21		# default
ForceTotalEnforce = 0		# default
BoxShape = 4
Opened block 'Lsize'
Lsize[0][0] = 37.7945
Lsize[0][1] = 37.7945
Lsize[0][2] = 37.7945
Closed block 'Lsize'
SymmetriesCompute = 1		# default
Spacing = 0.377945
CurvMethod = 1		# default
DerivativesStencil = 1		# default
DerivativesOrder = 4		# default
ParallelizationOfDerivatives = 2		# default
KPointsUseSymmetries = 0		# default
KPointsUseTimeReversal = 0		# default
SpinComponents = 1		# default
ExcessCharge = 0		# default
TotalStates = 0		# default
ExtraStates = 0
ExtraStatesToConverge = 0		# default
StatesBlockSize = 4		# default
OnlyUserDefinedInitialStates = 0		# default
StatesRandomization = 1		# default
RestartFixedOccupations = 0		# default
SmearingFunction = 1		# default
NParticleModelmb = 0		# default
SymmetrizeDensity = 0		# default
ForceComplex = 0		# default
ELFWithCurrentTerm = 1		# default
ReorderRanks = 0		# default
ParDomains = -1
ParStates = -1
ParKPoints = -1		# default
ParOther = 0		# default
ParallelizationNumberSlaves = 0		# default
MeshOrder = 1		# default
MeshPartitionVirtualSize = 18		# default
MeshPartitionPackage = 1		# default
MeshPartitionStencil = 1		# default
MeshPartition = 2		# default
RestartWrite = 1		# default
MeshUseTopology = 0		# default
PartitionPrint = 1		# default
OperateDouble = 1		# default
OperateComplex = 1		# default
OperateSingle = 0		# default
OperateComplexSingle = 0		# default
NLOperatorCompactBoundaries = 0		# default
OutputFormat = 0		# default
OutputInterval = 50		# default
OutputDuringSCF = 0		# default
RestartWriteInterval = 50		# default
OutputIterDir = "output_iter"		# default
StatesPack = 1		# default
StatesOrthogonalization = 1		# default
StatesCLDeviceMemory = -512		# default
XCFunctional = 10001		# default
XCKernel = 10001		# default
XCKernelLRCAlpha = 0		# default
XCDensityCorrection = 0		# default
ParallelXC = 1		# default
TheoryLevel = 4		# default
SICCorrection = 1		# default
CurrentDensity = 2		# default
VDWCorrection = 0		# default
EnablePhotons = 0		# default
ParticleMass = 1		# default
RashbaSpinOrbitCoupling = 0		# default
DressedOrbitals = 0		# default
ParallelizationPoissonAllNodes = 1		# default
PoissonSolver = 8		# default
PoissonSolverNodes = 0		# default
FilterPotentials = 2		# default
TDDeltaKickTime = 0		# default
TDDeltaStrength = 0		# default
GyromagneticRatio = 2.00232		# default
RelativisticCorrection = 0		# default
Dimensions = 3
PeriodicDimensions = 0
GaugeFieldDynamics = 1		# default
GaugeFieldPropagate = 0		# default
GaugeFieldDelay = 0		# default
Opened block 'TDExternalFields'
TDExternalFields[0][0] = 3
TDExternalFields[0][1] = (1, 0)
TDExternalFields[0][2] = (0, 0)
TDExternalFields[0][3] = (0, 0)
TDExternalFields[0][4] = 0.0569546
TDExternalFields[0][5] = "envelope"
Opened block 'TDFunctions'
TDFunctions[0][0] = "envelope"
TDFunctions[0][1] = 10008
TDFunctions[0][2] = "151.96753174922915*(sin(pi*t/(2*330.9578025034375)))^2*(1-step(t-2*330.9578025034375))"
Closed block 'TDFunctions'
TDExternalFields[0][6] = "CEP"
Opened block 'TDFunctions'
TDFunctions[0][0] = "envelope"
TDFunctions[1][0] = "CEP"
TDFunctions[1][1] = 10002
TDFunctions[1][2] = 0
Closed block 'TDFunctions'
Closed block 'TDExternalFields'
CalculateSelfInducedMagneticField = 0		# default
AbsorbingBoundaries = 2
ABCapHeight = -1
ABWidth = 3.77945
DFTULevel = 0		# default
HamiltonianApplyPacked = 1		# default
TimeZero = 0		# default
Dimensions = 3
PeriodicDimensions = 0
PCMCalculation = 0		# default
FromScratch = 0		# default
IonsConstantVelocity = 0		# default
Thermostat = 0		# default
MoveIons = 0		# default
TDIonicTimeScale = 1		# default
TDTimeStep = 0.333333
TDPropagationTime = 708.795
TDMaxSteps = 2126		# default
PhotoElectronSpectrum = 0		# default
TDDynamics = 1		# default
RecalculateGSDuringEvolution = 0		# default
TDScissor = 0		# default
TDPropagator = 3
TDExponentialMethod = 2
TDLanczosTol = 1e-05		# default
TDExpOrder = 16
ArnoldiOrthogonalization = 3		# default
TDStepsWithSelfConsistency = 0		# default
TDSCFThreshold = 1e-06		# default
TDEnergyUpdateIter = 10		# default
TDFreezeOrbitals = 0		# default
TDFreezeHXC = 0		# default
TDFreezeDFTUOccupations = 0		# default
TDFreezeU = 0		# default
Opened block 'TDOutput'
TDOutput[0][0] = 7
OutputInterval = 50		# default
OutputFormat = 0		# default
TDOutput[1][0] = 6
OutputInterval = 50		# default
OutputFormat = 0		# default
Closed block 'TDOutput'
TDOutputResolveStates = 0		# default
TDMultipoleLmax = 1		# default
LocalMagneticMomentsSphereRadius = 100		# default
TDOutputComputeInterval = 50		# default
TDOutputDFTU = 0		# default
RestartWrite = 1		# default
# Octopus parser ended
